<?xml version="1.0" encoding="UTF-8"?>
<!-- Generated by org.testng.reporters.JUnitXMLReporter -->
<testsuite hostname="DESKTOP-9QSD73T" ignored="0" name="Test" tests="1" failures="1" timestamp="12 Sep 2019 13:57:11 GMT" time="8.896" errors="0">
  <testcase name="execution" time="8.854" classname="com.TestRunner.Testexecutionwindow">
    <failure type="java.lang.NullPointerException">
      <![CDATA[java.lang.NullPointerException
at com.WebObjects.Pageobjectsfunctionality.applyleave(Pageobjectsfunctionality.java:19)
at com.TestRunner.Testexecutionwindow.execution(Testexecutionwindow.java:14)
... Removed 25 stack frames]]>
    </failure>
  </testcase> <!-- execution -->
</testsuite> <!-- Test -->
